<?xml version="1.0" encoding="UTF-8"?>
<testsuite name="LoginTest" tests="1" skipped="0" failures="0" errors="0" timestamp="2019-09-22T14:36:53" hostname="wdw-ПК" time="2.547">
  <properties/>
  <testcase name="loginTest" classname="LoginTest" time="2.547"/>
  <system-out><![CDATA[]]></system-out>
  <system-err><![CDATA[]]></system-err>
</testsuite>
