<?xml version="1.0" encoding="UTF-8"?>
<testsuite name="SearchWikiTest" tests="2" skipped="0" failures="0" errors="0" timestamp="2019-09-22T10:59:05" hostname="wdw-ПК" time="2.272">
  <properties/>
  <testcase name="searchWikiTestQA" classname="SearchWikiTest" time="0.804"/>
  <testcase name="searchWikiTestTelRan" classname="SearchWikiTest" time="1.465"/>
  <system-out><![CDATA[]]></system-out>
  <system-err><![CDATA[]]></system-err>
</testsuite>
